[2020-04-29 14:36:08,190] multiqc                                            [DEBUG  ]  No MultiQC config found: /home/akshai/miniconda3/envs/multiqc/lib/python3.7/site-packages/multiqc_config.yaml
[2020-04-29 14:36:08,190] multiqc                                            [DEBUG  ]  No MultiQC config found: /home/akshai/.multiqc_config.yaml
[2020-04-29 14:36:08,190] multiqc                                            [DEBUG  ]  No MultiQC config found: multiqc_config.yaml
[2020-04-29 14:36:08,190] multiqc                                            [DEBUG  ]  Command used: /home/akshai/miniconda3/envs/multiqc/bin/multiqc .
[2020-04-29 14:36:08,522] multiqc                                            [DEBUG  ]  Latest MultiQC version is v1.8
[2020-04-29 14:36:08,522] multiqc                                            [INFO   ]  This is MultiQC v1.8
[2020-04-29 14:36:08,522] multiqc                                            [DEBUG  ]  Command     : /home/akshai/miniconda3/envs/multiqc/bin/multiqc .
[2020-04-29 14:36:08,522] multiqc                                            [DEBUG  ]  Working dir : /media/akshai/New Volume/Uppsala_work_files/sem2/Genome_analysis/lab_working/fastqc/results_trim
[2020-04-29 14:36:08,523] multiqc                                            [INFO   ]  Template    : default
[2020-04-29 14:36:08,523] multiqc                                            [DEBUG  ]  Running Python 3.7.7 (default, Mar 26 2020, 15:48:22)  [GCC 7.3.0]
[2020-04-29 14:36:08,523] multiqc                                            [INFO   ]  Searching   : /media/akshai/New Volume/Uppsala_work_files/sem2/Genome_analysis/lab_working/fastqc/results_trim
[2020-04-29 14:36:08,524] multiqc                                            [DEBUG  ]  Analysing modules: custom_content, conpair, peddy, methylQA, phantompeakqualtools, qualimap, preseq, quast, qorts, rna_seqc, rsem, rseqc, busco, goleft_indexcov, disambiguate, supernova, deeptools, sargasso, verifybamid, mirtrace, happy, homer, macs2, theta2, snpeff, gatk, htseq, bcftools, featureCounts, fgbio, dedup, damageprofiler, biobambam2, mtnucratio, picard, prokka, samblaster, samtools, sexdeterrmine, bamtools, jellyfish, vcftools, longranger, stacks, bbmap, bismark, biscuit, hicexplorer, hicup, hicpro, salmon, kallisto, slamdunk, star, hisat2, tophat, bowtie2, bowtie1, kat, leehom, adapterRemoval, clipandmerge, cutadapt, flexbar, trimmomatic, skewer, sortmerna, biobloomtools, fastq_screen, afterqc, fastp, fastqc, minionqc, mosdepth, clusterflow, bcl2fastq, interop, flash, seqyclean
[2020-04-29 14:36:08,524] multiqc                                            [DEBUG  ]  Using temporary directory for creating report: /tmp/tmpi5bkfqb4
[2020-04-29 14:36:08,604] multiqc                                            [DEBUG  ]  Ignoring file as matched an ignore pattern: ERR2036629_P1.trim_fastqc.html
[2020-04-29 14:36:08,608] multiqc                                            [DEBUG  ]  Ignoring file as matched an ignore pattern: ERR2036629_P2.trim_fastqc.html
[2020-04-29 14:36:08,608] multiqc                                            [DEBUG  ]  Ignoring file as matched an ignore pattern: ERR2036629_S1.trim_fastqc.html
[2020-04-29 14:36:08,609] multiqc                                            [DEBUG  ]  Ignoring file as matched an ignore pattern: ERR2036629_S2.trim_fastqc.html
[2020-04-29 14:36:08,609] multiqc                                            [DEBUG  ]  Ignoring file as matched an ignore pattern: ERR2036630_P1.trim_fastqc.html
[2020-04-29 14:36:08,609] multiqc                                            [DEBUG  ]  Ignoring file as matched an ignore pattern: ERR2036630_P2.trim_fastqc.html
[2020-04-29 14:36:08,610] multiqc                                            [DEBUG  ]  Ignoring file as matched an ignore pattern: ERR2036630_S1.trim_fastqc.html
[2020-04-29 14:36:08,610] multiqc                                            [DEBUG  ]  Ignoring file as matched an ignore pattern: ERR2036630_S2.trim_fastqc.html
[2020-04-29 14:36:08,610] multiqc                                            [DEBUG  ]  Ignoring file as matched an ignore pattern: ERR2036631_P1.trim_fastqc.html
[2020-04-29 14:36:08,611] multiqc                                            [DEBUG  ]  Ignoring file as matched an ignore pattern: ERR2036631_P2.trim_fastqc.html
[2020-04-29 14:36:08,611] multiqc                                            [DEBUG  ]  Ignoring file as matched an ignore pattern: ERR2036631_S1.trim_fastqc.html
[2020-04-29 14:36:08,611] multiqc                                            [DEBUG  ]  Ignoring file as matched an ignore pattern: ERR2036631_S2.trim_fastqc.html
[2020-04-29 14:36:08,612] multiqc                                            [DEBUG  ]  Ignoring file as matched an ignore pattern: ERR2036632_P1.trim_fastqc.html
[2020-04-29 14:36:08,612] multiqc                                            [DEBUG  ]  Ignoring file as matched an ignore pattern: ERR2036632_P2.trim_fastqc.html
[2020-04-29 14:36:08,612] multiqc                                            [DEBUG  ]  Ignoring file as matched an ignore pattern: ERR2036632_S1.trim_fastqc.html
[2020-04-29 14:36:08,613] multiqc                                            [DEBUG  ]  Ignoring file as matched an ignore pattern: ERR2036632_S2.trim_fastqc.html
[2020-04-29 14:36:08,613] multiqc                                            [DEBUG  ]  Ignoring file as matched an ignore pattern: ERR2036633_P1.trim_fastqc.html
[2020-04-29 14:36:08,613] multiqc                                            [DEBUG  ]  Ignoring file as matched an ignore pattern: ERR2036633_P2.trim_fastqc.html
[2020-04-29 14:36:08,613] multiqc                                            [DEBUG  ]  Ignoring file as matched an ignore pattern: ERR2036633_S1.trim_fastqc.html
[2020-04-29 14:36:08,614] multiqc                                            [DEBUG  ]  Ignoring file as matched an ignore pattern: ERR2036633_S2.trim_fastqc.html
[2020-04-29 14:36:08,614] multiqc                                            [DEBUG  ]  Ignoring file as matched an ignore pattern: ERR2117288_P1.trim_fastqc.html
[2020-04-29 14:36:08,614] multiqc                                            [DEBUG  ]  Ignoring file as matched an ignore pattern: ERR2117288_P2.trim_fastqc.html
[2020-04-29 14:36:08,615] multiqc                                            [DEBUG  ]  Ignoring file as matched an ignore pattern: ERR2117288_S1.trim_fastqc.html
[2020-04-29 14:36:08,615] multiqc                                            [DEBUG  ]  Ignoring file as matched an ignore pattern: ERR2117288_S2.trim_fastqc.html
[2020-04-29 14:36:08,615] multiqc                                            [DEBUG  ]  Ignoring file as matched an ignore pattern: ERR2117289_P1.trim_fastqc.html
[2020-04-29 14:36:08,615] multiqc                                            [DEBUG  ]  Ignoring file as matched an ignore pattern: ERR2117289_P2.trim_fastqc.html
[2020-04-29 14:36:08,616] multiqc                                            [DEBUG  ]  Ignoring file as matched an ignore pattern: ERR2117289_S1.trim_fastqc.html
[2020-04-29 14:36:08,616] multiqc                                            [DEBUG  ]  Ignoring file as matched an ignore pattern: ERR2117289_S2.trim_fastqc.html
[2020-04-29 14:36:08,617] multiqc                                            [DEBUG  ]  Ignoring file as matched an ignore pattern: ERR2117290_P1.trim_fastqc.html
[2020-04-29 14:36:08,617] multiqc                                            [DEBUG  ]  Ignoring file as matched an ignore pattern: ERR2117290_P2.trim_fastqc.html
[2020-04-29 14:36:08,618] multiqc                                            [DEBUG  ]  Ignoring file as matched an ignore pattern: ERR2117290_S1.trim_fastqc.html
[2020-04-29 14:36:08,618] multiqc                                            [DEBUG  ]  Ignoring file as matched an ignore pattern: ERR2117290_S2.trim_fastqc.html
[2020-04-29 14:36:08,618] multiqc                                            [DEBUG  ]  Ignoring file as matched an ignore pattern: ERR2117291_P1.trim_fastqc.html
[2020-04-29 14:36:08,619] multiqc                                            [DEBUG  ]  Ignoring file as matched an ignore pattern: ERR2117291_P2.trim_fastqc.html
[2020-04-29 14:36:08,619] multiqc                                            [DEBUG  ]  Ignoring file as matched an ignore pattern: ERR2117291_S1.trim_fastqc.html
[2020-04-29 14:36:08,620] multiqc                                            [DEBUG  ]  Ignoring file as matched an ignore pattern: ERR2117291_S2.trim_fastqc.html
[2020-04-29 14:36:08,620] multiqc                                            [DEBUG  ]  Ignoring file as matched an ignore pattern: ERR2117292_P1.trim_fastqc.html
[2020-04-29 14:36:08,620] multiqc                                            [DEBUG  ]  Ignoring file as matched an ignore pattern: ERR2117292_P2.trim_fastqc.html
[2020-04-29 14:36:08,621] multiqc                                            [DEBUG  ]  Ignoring file as matched an ignore pattern: ERR2117292_S1.trim_fastqc.html
[2020-04-29 14:36:08,621] multiqc                                            [DEBUG  ]  Ignoring file as matched an ignore pattern: ERR2117292_S2.trim_fastqc.html
[2020-04-29 14:36:08,787] multiqc.plots.bargraph                             [DEBUG  ]  Using matplotlib version 3.1.1
[2020-04-29 14:36:08,787] multiqc.plots.linegraph                            [DEBUG  ]  Using matplotlib version 3.1.1
[2020-04-29 14:36:08,787] multiqc                                            [DEBUG  ]  No samples found: custom_content
[2020-04-29 14:36:08,789] multiqc                                            [DEBUG  ]  No samples found: conpair
[2020-04-29 14:36:08,792] multiqc                                            [DEBUG  ]  No samples found: peddy
[2020-04-29 14:36:08,794] multiqc                                            [DEBUG  ]  No samples found: methylQA
[2020-04-29 14:36:08,796] multiqc                                            [DEBUG  ]  No samples found: phantompeakqualtools
[2020-04-29 14:36:08,799] multiqc                                            [DEBUG  ]  No samples found: qualimap
[2020-04-29 14:36:08,801] multiqc                                            [DEBUG  ]  No samples found: preseq
[2020-04-29 14:36:08,803] multiqc                                            [DEBUG  ]  No samples found: quast
[2020-04-29 14:36:08,805] multiqc                                            [DEBUG  ]  No samples found: qorts
[2020-04-29 14:36:08,808] multiqc                                            [DEBUG  ]  No samples found: rna_seqc
[2020-04-29 14:36:08,810] multiqc                                            [DEBUG  ]  No samples found: rsem
[2020-04-29 14:36:08,813] multiqc                                            [DEBUG  ]  No samples found: rseqc
[2020-04-29 14:36:08,816] multiqc                                            [DEBUG  ]  No samples found: busco
[2020-04-29 14:36:08,818] multiqc                                            [DEBUG  ]  No samples found: goleft_indexcov
[2020-04-29 14:36:08,820] multiqc                                            [DEBUG  ]  No samples found: disambiguate
[2020-04-29 14:36:08,822] multiqc                                            [DEBUG  ]  No samples found: supernova
[2020-04-29 14:36:08,826] multiqc                                            [DEBUG  ]  No samples found: deeptools
[2020-04-29 14:36:08,828] multiqc                                            [DEBUG  ]  No samples found: sargasso
[2020-04-29 14:36:08,831] multiqc                                            [DEBUG  ]  No samples found: verifybamid
[2020-04-29 14:36:08,833] multiqc                                            [DEBUG  ]  No samples found: mirtrace
[2020-04-29 14:36:08,835] multiqc                                            [DEBUG  ]  No samples found: happy
[2020-04-29 14:36:08,837] multiqc                                            [DEBUG  ]  No samples found: homer
[2020-04-29 14:36:08,839] multiqc                                            [DEBUG  ]  No samples found: macs2
[2020-04-29 14:36:08,841] multiqc                                            [DEBUG  ]  No samples found: theta2
[2020-04-29 14:36:08,843] multiqc                                            [DEBUG  ]  No samples found: snpeff
[2020-04-29 14:36:08,847] multiqc                                            [DEBUG  ]  No samples found: gatk
[2020-04-29 14:36:08,849] multiqc                                            [DEBUG  ]  No samples found: htseq
[2020-04-29 14:36:08,851] multiqc                                            [DEBUG  ]  No samples found: bcftools
[2020-04-29 14:36:08,854] multiqc                                            [DEBUG  ]  No samples found: featureCounts
[2020-04-29 14:36:08,856] multiqc                                            [DEBUG  ]  No samples found: fgbio
[2020-04-29 14:36:08,858] multiqc                                            [DEBUG  ]  No samples found: dedup
[2020-04-29 14:36:08,860] multiqc                                            [DEBUG  ]  No samples found: damageprofiler
[2020-04-29 14:36:08,868] multiqc                                            [DEBUG  ]  No samples found: biobambam2
[2020-04-29 14:36:08,870] multiqc                                            [DEBUG  ]  No samples found: mtnucratio
[2020-04-29 14:36:08,872] multiqc                                            [DEBUG  ]  No samples found: picard
[2020-04-29 14:36:08,874] multiqc                                            [DEBUG  ]  No samples found: prokka
[2020-04-29 14:36:08,876] multiqc                                            [DEBUG  ]  No samples found: samblaster
[2020-04-29 14:36:08,879] multiqc                                            [DEBUG  ]  No samples found: samtools
[2020-04-29 14:36:08,881] multiqc                                            [DEBUG  ]  No samples found: sexdeterrmine
[2020-04-29 14:36:08,883] multiqc                                            [DEBUG  ]  No samples found: bamtools
[2020-04-29 14:36:08,886] multiqc                                            [DEBUG  ]  No samples found: jellyfish
[2020-04-29 14:36:08,888] multiqc                                            [DEBUG  ]  No samples found: vcftools
[2020-04-29 14:36:08,890] multiqc                                            [DEBUG  ]  No samples found: longranger
[2020-04-29 14:36:08,892] multiqc                                            [DEBUG  ]  No samples found: stacks
[2020-04-29 14:36:08,896] multiqc                                            [DEBUG  ]  No samples found: bbmap
[2020-04-29 14:36:08,899] multiqc                                            [DEBUG  ]  No samples found: bismark
[2020-04-29 14:36:08,901] multiqc                                            [DEBUG  ]  No samples found: biscuit
[2020-04-29 14:36:08,904] multiqc                                            [DEBUG  ]  No samples found: hicexplorer
[2020-04-29 14:36:08,906] multiqc                                            [DEBUG  ]  No samples found: hicup
[2020-04-29 14:36:08,908] multiqc                                            [DEBUG  ]  No samples found: hicpro
[2020-04-29 14:36:08,910] multiqc                                            [DEBUG  ]  No samples found: salmon
[2020-04-29 14:36:08,912] multiqc                                            [DEBUG  ]  No samples found: kallisto
[2020-04-29 14:36:08,914] multiqc                                            [DEBUG  ]  No samples found: slamdunk
[2020-04-29 14:36:08,917] multiqc                                            [DEBUG  ]  No samples found: star
[2020-04-29 14:36:08,919] multiqc                                            [DEBUG  ]  No samples found: hisat2
[2020-04-29 14:36:08,921] multiqc                                            [DEBUG  ]  No samples found: tophat
[2020-04-29 14:36:08,923] multiqc                                            [DEBUG  ]  No samples found: bowtie2
[2020-04-29 14:36:08,925] multiqc                                            [DEBUG  ]  No samples found: bowtie1
[2020-04-29 14:36:08,927] multiqc                                            [DEBUG  ]  No samples found: kat
[2020-04-29 14:36:08,929] multiqc                                            [DEBUG  ]  No samples found: leehom
[2020-04-29 14:36:08,931] multiqc                                            [DEBUG  ]  No samples found: adapterRemoval
[2020-04-29 14:36:08,934] multiqc                                            [DEBUG  ]  No samples found: clipandmerge
[2020-04-29 14:36:08,936] multiqc                                            [DEBUG  ]  No samples found: cutadapt
[2020-04-29 14:36:08,938] multiqc                                            [DEBUG  ]  No samples found: flexbar
[2020-04-29 14:36:08,940] multiqc                                            [DEBUG  ]  No samples found: trimmomatic
[2020-04-29 14:36:08,942] multiqc                                            [DEBUG  ]  No samples found: skewer
[2020-04-29 14:36:08,944] multiqc                                            [DEBUG  ]  No samples found: sortmerna
[2020-04-29 14:36:08,946] multiqc                                            [DEBUG  ]  No samples found: biobloomtools
[2020-04-29 14:36:08,949] multiqc                                            [DEBUG  ]  No samples found: fastq_screen
[2020-04-29 14:36:08,951] multiqc                                            [DEBUG  ]  No samples found: afterqc
[2020-04-29 14:36:08,953] multiqc                                            [DEBUG  ]  No samples found: fastp
[2020-04-29 14:36:10,199] multiqc.modules.fastqc.fastqc                      [INFO   ]  Found 40 reports
[2020-04-29 14:36:10,748] multiqc                                            [DEBUG  ]  No samples found: minionqc
[2020-04-29 14:36:10,750] multiqc                                            [DEBUG  ]  No samples found: mosdepth
[2020-04-29 14:36:10,752] multiqc                                            [DEBUG  ]  No samples found: clusterflow
[2020-04-29 14:36:10,755] multiqc                                            [DEBUG  ]  No samples found: bcl2fastq
[2020-04-29 14:36:10,758] multiqc                                            [DEBUG  ]  No samples found: interop
[2020-04-29 14:36:10,760] multiqc                                            [DEBUG  ]  No samples found: flash
[2020-04-29 14:36:10,762] multiqc                                            [DEBUG  ]  No samples found: seqyclean
[2020-04-29 14:36:10,801] multiqc                                            [INFO   ]  Compressing plot data
[2020-04-29 14:36:11,239] multiqc                                            [INFO   ]  Report      : multiqc_report.html
[2020-04-29 14:36:11,239] multiqc                                            [INFO   ]  Data        : multiqc_data
[2020-04-29 14:36:11,240] multiqc                                            [DEBUG  ]  Moving data file from '/tmp/tmpi5bkfqb4/multiqc_data/multiqc_data.json' to '/media/akshai/New Volume/Uppsala_work_files/sem2/Genome_analysis/lab_working/fastqc/results_trim/multiqc_data'
[2020-04-29 14:36:11,254] multiqc                                            [DEBUG  ]  Moving data file from '/tmp/tmpi5bkfqb4/multiqc_data/multiqc_sources.txt' to '/media/akshai/New Volume/Uppsala_work_files/sem2/Genome_analysis/lab_working/fastqc/results_trim/multiqc_data'
[2020-04-29 14:36:11,255] multiqc                                            [DEBUG  ]  Moving data file from '/tmp/tmpi5bkfqb4/multiqc_data/multiqc_qualimap_bamqc_genome_results.txt' to '/media/akshai/New Volume/Uppsala_work_files/sem2/Genome_analysis/lab_working/fastqc/results_trim/multiqc_data'
[2020-04-29 14:36:11,256] multiqc                                            [DEBUG  ]  Moving data file from '/tmp/tmpi5bkfqb4/multiqc_data/multiqc_fastqc.txt' to '/media/akshai/New Volume/Uppsala_work_files/sem2/Genome_analysis/lab_working/fastqc/results_trim/multiqc_data'
[2020-04-29 14:36:11,257] multiqc                                            [DEBUG  ]  Moving data file from '/tmp/tmpi5bkfqb4/multiqc_data/multiqc_general_stats.txt' to '/media/akshai/New Volume/Uppsala_work_files/sem2/Genome_analysis/lab_working/fastqc/results_trim/multiqc_data'
[2020-04-29 14:36:11,358] multiqc                                            [INFO   ]  MultiQC complete
