[12:24:37] This is prokka 1.14.6
[12:24:37] Written by Torsten Seemann <torsten.seemann@gmail.com>
[12:24:37] Homepage is https://github.com/tseemann/prokka
[12:24:37] Local time is Wed May 20 12:24:37 2020
[12:24:37] You are akshai
[12:24:37] Operating system is linux
[12:24:37] You have BioPerl 1.007002
[12:24:37] System has 8 cores.
[12:24:37] Will use maximum of 8 cores.
[12:24:37] Annotating as >>> Bacteria <<<
[12:24:37] Generating locus_tag from 'L_ferrooxidans.fasta' contents.
[12:24:37] Setting --locustag DDCPAMKM from MD5 ddc9a64606613a1a76f3cb760b7b37da
[12:24:37] Re-using existing --outdir lferr
[12:24:37] Using filename prefix: lferr.XXX
[12:24:37] Setting HMMER_NCPU=1
[12:24:37] Writing log to: lferr/lferr.log
[12:24:37] Command: /home/akshai/prokka/bin/prokka --prefix lferr --addgenes --genus Leptospirillum --species ferrooxidans --usegenus --proteins Leptospirillum --rfam L_ferrooxidans.fasta --force --cpus 0
[12:24:37] Appending to PATH: /home/akshai/prokka/bin/../binaries/linux
[12:24:37] Appending to PATH: /home/akshai/prokka/bin/../binaries/linux/../common
[12:24:37] Appending to PATH: /home/akshai/prokka/bin
[12:24:37] Looking for 'aragorn' - found /home/akshai/prokka/bin/../binaries/linux/aragorn
[12:24:37] Determined aragorn version is 001002 from 'ARAGORN v1.2.38 Dean Laslett'
[12:24:37] Looking for 'blastp' - found /home/akshai/Downloads/ncbi-blast-2.10.0+/bin/blastp
[12:24:37] Determined blastp version is 002010 from 'blastp: 2.10.0+'
[12:24:37] Looking for 'cmpress' - found /usr/bin/cmpress
[12:24:37] Determined cmpress version is 001001 from '# INFERNAL 1.1.2 (July 2016)'
[12:24:37] Looking for 'cmscan' - found /usr/bin/cmscan
[12:24:37] Determined cmscan version is 001001 from '# INFERNAL 1.1.2 (July 2016)'
[12:24:37] Looking for 'egrep' - found /bin/egrep
[12:24:37] Looking for 'find' - found /usr/bin/find
[12:24:37] Looking for 'grep' - found /bin/grep
[12:24:37] Looking for 'hmmpress' - found /usr/bin/hmmpress
[12:24:37] Determined hmmpress version is 003001 from '# HMMER 3.1b2 (February 2015); http://hmmer.org/'
[12:24:37] Looking for 'hmmscan' - found /usr/bin/hmmscan
[12:24:37] Determined hmmscan version is 003001 from '# HMMER 3.1b2 (February 2015); http://hmmer.org/'
[12:24:37] Looking for 'java' - found /home/akshai/miniconda3/bin/java
[12:24:37] Looking for 'makeblastdb' - found /home/akshai/Downloads/ncbi-blast-2.10.0+/bin/makeblastdb
[12:24:37] Determined makeblastdb version is 002010 from 'makeblastdb: 2.10.0+'
[12:24:37] Looking for 'minced' - found /home/akshai/prokka/bin/../binaries/linux/../common/minced
[12:24:37] Determined minced version is 002000 from 'minced 0.2.0'
[12:24:37] Looking for 'parallel' - found /home/akshai/prokka/bin/../binaries/linux/../common/parallel
[12:24:37] Determined parallel version is 20150122 from 'GNU parallel 20150122'
[12:24:37] Looking for 'prodigal' - found /home/akshai/prokka/bin/../binaries/linux/prodigal
[12:24:37] Determined prodigal version is 002006 from 'Prodigal V2.6.3: February, 2016'
[12:24:37] Looking for 'prokka-genbank_to_fasta_db' - found /home/akshai/prokka/bin/prokka-genbank_to_fasta_db
[12:24:37] Looking for 'sed' - found /bin/sed
[12:24:37] Looking for 'tbl2asn' - found /home/akshai/prokka/bin/../binaries/linux/tbl2asn
[12:24:37] Determined tbl2asn version is 025008 from 'tbl2asn 25.8   arguments:'
[12:24:37] Using genetic code table 11.
[12:24:37] Loading and checking input file: L_ferrooxidans.fasta
[12:24:37] Wrote 1 contigs totalling 2559538 bp.
[12:24:37] Predicting tRNAs and tmRNAs
[12:24:37] Running: aragorn -l -gc11  -w lferr\/lferr\.fna
[12:24:38] 1 tmRNA [12162,12525] 94,123 ANNEMALAA*
[12:24:38] 2 tRNA-Leu [47364,47447] 34 (gag)
[12:24:38] 3 tRNA-Pro [77301,77377] 35 (tgg)
[12:24:38] 4 tRNA-Gly [127683,127757] 33 (gcc)
[12:24:38] 5 tRNA-Arg c[171043,171118] 34 (tcg)
[12:24:38] 6 tRNA-Met c[201138,201214] 35 (cat)
[12:24:38] 7 tRNA-Ser c[211619,211708] 35 (cga)
[12:24:38] 8 tRNA-Ser [213185,213270] 35 (tga)
[12:24:38] 9 tRNA-Ser [213708,213799] 35 (gct)
[12:24:38] 10 tRNA-Ser c[220172,220264] 35 (gga)
[12:24:38] 11 tRNA-Leu c[366835,366921] 35 (caa)
[12:24:38] 12 tRNA-Cys c[440907,440981] 33 (gca)
[12:24:38] 13 tRNA-His [449465,449539] 33 (gtg)
[12:24:38] 14 tRNA-Arg [464729,464806] 36 (acg)
[12:24:38] 15 tRNA-Lys [516597,516672] 34 (ctt)
[12:24:38] 16 tRNA-Ser c[520736,520826] 37 (cga)
[12:24:38] 17 tRNA-Asn c[619464,619539] 34 (gtt)
[12:24:38] 18 tRNA-Lys c[790410,790485] 34 (ttt)
[12:24:38] 19 tRNA-Met [800078,800153] 34 (cat)
[12:24:38] 20 tRNA-Leu c[801250,801335] 34 (cag)
[12:24:38] 21 tRNA-Arg c[801663,801739] 35 (tct)
[12:24:38] 22 tRNA-Arg c[808884,808961] 36 (ccg)
[12:24:38] 23 tRNA-Gln [838645,838719] 33 (ttg)
[12:24:38] 24 tRNA-Leu [848823,848907] 34 (tag)
[12:24:38] 25 tRNA-Tyr [851788,851873] 35 (gta)
[12:24:38] 26 tRNA-Gly [851884,851958] 33 (tcc)
[12:24:38] 27 tRNA-Thr [851991,852066] 34 (ggt)
[12:24:38] 28 tRNA-Trp [853523,853599] 35 (cca)
[12:24:38] 29 tRNA-Pro [980399,980475] 35 (cgg)
[12:24:38] 30 tRNA-Ile [1060223,1060299] 35 (gat)
[12:24:38] 31 tRNA-Ala [1060305,1060380] 34 (tgc)
[12:24:38] 32 tRNA-Ile [1068832,1068908] 35 (gat)
[12:24:38] 33 tRNA-Ala [1068914,1068989] 34 (tgc)
[12:24:38] 34 tRNA-Val c[1132296,1132371] 34 (tac)
[12:24:38] 35 tRNA-Pro [1143192,1143268] 35 (ggg)
[12:24:38] 36 tRNA-Arg c[1199829,1199905] 35 (cct)
[12:24:38] 37 tRNA-Ile [1215666,1215742] 35 (gat)
[12:24:38] 38 tRNA-Ala [1215748,1215823] 34 (tgc)
[12:24:38] 39 tRNA-Thr c[1281670,1281744] 33 (cgt)
[12:24:38] 40 tRNA-Asp c[1293841,1293917] 35 (gtc)
[12:24:38] 41 tRNA-Phe [1465151,1465226] 34 (gaa)
[12:24:38] 42 tRNA-Thr c[1634456,1634531] 34 (tgt)
[12:24:38] 43 tRNA-Gly c[1689516,1689590] 33 (ccc)
[12:24:38] 44 tRNA-Ala c[1776517,1776592] 34 (ggc)
[12:24:38] 45 tRNA-Glu [1848289,1848366] 37 (ttc)
[12:24:38] 46 tRNA-Ala c[1974079,1974154] 34 (cgc)
[12:24:38] 47 tRNA-Glu [2014323,2014398] 35 (ctc)
[12:24:38] 48 tRNA-Leu [2020211,2020297] 35 (taa)
[12:24:38] 49 tRNA-Met c[2058170,2058245] 34 (cat)
[12:24:38] 50 tRNA-Gln [2115470,2115543] 33 (ctg)
[12:24:38] 51 tRNA-Val c[2287722,2287796] 33 (gac)
[12:24:38] 52 tRNA-Val c[2450038,2450112] 33 (cac)
[12:24:38] Found 52 tRNAs
[12:24:38] Predicting Ribosomal RNAs
[12:24:38] You need either Barrnap or RNAmmer installed to predict rRNAs!
[12:24:38] Scanning for ncRNAs... please be patient.
[12:24:38] Running: cmscan -Z 5.119076 --cut_ga --rfam --nohmmonly --fmt 2 --cpu 8 --tblout /dev/stdout -o /dev/null --noali /home/akshai/prokka/db/cm/Bacteria lferr\/lferr\.fna
[12:26:06] 1 ncRNA 1 AP012342.1 1..367
[12:26:06] 2 ncRNA 2 AP012342.1 1..148
[12:26:06] 3 ncRNA 3 AP012342.1 1..148
[12:26:06] 4 ncRNA 4 AP012342.1 1..97
[12:26:06] 5 ncRNA 5 AP012342.1 1..188
[12:26:06] 6 ncRNA 7 AP012342.1 1..93
[12:26:06] 7 ncRNA 8 AP012342.1 1..70
[12:26:06] 8 ncRNA 9 AP012342.1 1..93
[12:26:06] 9 ncRNA 10 AP012342.1 1..60
[12:26:06] 10 ncRNA 11 AP012342.1 1..93
[12:26:06] 11 ncRNA 12 AP012342.1 1..93
[12:26:06] 12 ncRNA 13 AP012342.1 1..63
[12:26:06] Found 12 ncRNAs.
[12:26:06] Total of 51 tRNA + rRNA features
[12:26:06] Searching for CRISPR repeats
[12:26:06] Found 0 CRISPRs
[12:26:06] Predicting coding sequences
[12:26:06] Contigs total 2559538 bp, so using single mode
[12:26:06] Running: prodigal -i lferr\/lferr\.fna -c -m -g 11 -p single -f sco -q
[12:26:11] Excluding CDS which overlaps existing RNA (tRNA) at AP012342.1:127678..128373 on - strand
[12:26:11] Excluding CDS which overlaps existing RNA (tRNA) at AP012342.1:366821..367021 on + strand
[12:26:11] Excluding CDS which overlaps existing RNA (tRNA) at AP012342.1:520624..520848 on - strand
[12:26:12] Excluding CDS which overlaps existing RNA (tRNA) at AP012342.1:1132328..1132801 on - strand
[12:26:12] Excluding CDS which overlaps existing RNA (tRNA) at AP012342.1:1142866..1143201 on + strand
[12:26:12] Found 2446 CDS
[12:26:12] Connecting features back to sequences
[12:26:12] Skipping genus-specific proteins as can't see /home/akshai/prokka/db/Leptospirillum
[12:26:12] Annotating CDS, please be patient.
[12:26:12] Will use 8 CPUs for similarity searching.
[12:26:14] There are still 2446 unannotated CDS left (started with 2446)
[12:26:14] Will use blast to search against /home/akshai/prokka/db/kingdom/Bacteria/IS with 8 CPUs
[12:26:14] Running: cat lferr\/lferr\.IS\.tmp\.31732\.faa | parallel --gnu --plain -j 8 --block 48539 --recstart '>' --pipe blastp -query - -db /home/akshai/prokka/db/kingdom/Bacteria/IS -evalue 1e-30 -qcov_hsp_perc 90 -num_threads 1 -num_descriptions 1 -num_alignments 1 -seg no > lferr\/lferr\.IS\.tmp\.31732\.blast 2> /dev/null
[12:26:27] Deleting unwanted file: lferr/lferr.IS.tmp.31732.faa
[12:26:27] Deleting unwanted file: lferr/lferr.IS.tmp.31732.blast
[12:26:28] There are still 2417 unannotated CDS left (started with 2446)
[12:26:28] Will use blast to search against /home/akshai/prokka/db/kingdom/Bacteria/AMR with 8 CPUs
[12:26:28] Running: cat lferr\/lferr\.AMR\.tmp\.31732\.faa | parallel --gnu --plain -j 8 --block 47894 --recstart '>' --pipe blastp -query - -db /home/akshai/prokka/db/kingdom/Bacteria/AMR -evalue 9.99999999999999e-301 -qcov_hsp_perc 90 -num_threads 1 -num_descriptions 1 -num_alignments 1 -seg no > lferr\/lferr\.AMR\.tmp\.31732\.blast 2> /dev/null
[12:26:39] Deleting unwanted file: lferr/lferr.AMR.tmp.31732.faa
[12:26:39] Deleting unwanted file: lferr/lferr.AMR.tmp.31732.blast
[12:26:40] There are still 2417 unannotated CDS left (started with 2446)
[12:26:40] Will use blast to search against /home/akshai/prokka/db/kingdom/Bacteria/sprot with 8 CPUs
[12:26:40] Running: cat lferr\/lferr\.sprot\.tmp\.31732\.faa | parallel --gnu --plain -j 8 --block 47894 --recstart '>' --pipe blastp -query - -db /home/akshai/prokka/db/kingdom/Bacteria/sprot -evalue 1e-09 -qcov_hsp_perc 80 -num_threads 1 -num_descriptions 1 -num_alignments 1 -seg no > lferr\/lferr\.sprot\.tmp\.31732\.blast 2> /dev/null
[12:27:31] Modify product: Cyclic di-GMP phosphodiesterase PA4108 => Cyclic di-GMP phosphodiesterase
[12:27:31] Modify product: Uncharacterized oxidoreductase YciK => putative oxidoreductase YciK
[12:27:31] Modify product: Sulfurtransferase Alvin_2599 => Sulfurtransferase
[12:27:31] Modify product: UPF0178 protein YaiI => hypothetical protein
[12:27:31] Modify product: Probable glycine dehydrogenase (decarboxylating) subunit 1 => putative glycine dehydrogenase (decarboxylating) subunit 1
[12:27:31] Modify product: Probable glycine dehydrogenase (decarboxylating) subunit 2 => putative glycine dehydrogenase (decarboxylating) subunit 2
[12:27:31] Modify product: Cyclic di-GMP phosphodiesterase PA4108 => Cyclic di-GMP phosphodiesterase
[12:27:31] Modify product: Probable cyclic di-GMP phosphodiesterase PdeC => putative cyclic di-GMP phosphodiesterase PdeC
[12:27:31] Modify product: UPF0234 protein HI_1034 => hypothetical protein
[12:27:31] Modify product: UPF0098 protein YbcL => hypothetical protein
[12:27:31] Modify product: Bifunctional protein FolD => Bifunctional protein FolD protein
[12:27:31] Modify product: Uncharacterized protein Rv0502 => putative protein
[12:27:31] Modify product: Probable transcriptional regulatory protein DVU_2259 => putative transcriptional regulatory protein
[12:27:31] Modify product: Putative HTH-type transcriptional regulator Rv1287 => Putative HTH-type transcriptional regulator
[12:27:31] Modify product: Uncharacterized ABC transporter ATP-binding protein Rv0986 => putative ABC transporter ATP-binding protein
[12:27:31] Modify product: UPF0413 protein YjbH => hypothetical protein
[12:27:31] Modify product: Uncharacterized oxidoreductase SA2266 => putative oxidoreductase
[12:27:31] Modify product: Uncharacterized oxidoreductase Rv0484c => putative oxidoreductase
[12:27:31] Modify product: Probable nicotinate-nucleotide pyrophosphorylase [carboxylating] => putative nicotinate-nucleotide pyrophosphorylase [carboxylating]
[12:27:31] Modify product: Putative phosphoribosyl transferase Rv0571c => Putative phosphoribosyl transferase
[12:27:31] Modify product: Uncharacterized protein Rv2411c => putative protein
[12:27:31] Modify product: Uncharacterized protein Rv2003c => putative protein
[12:27:31] Modify product: Uncharacterized protein YccU => putative protein YccU
[12:27:31] Modify product: Cyclic di-GMP phosphodiesterase PA4108 => Cyclic di-GMP phosphodiesterase
[12:27:31] Modify product: UPF0701 protein HI_0467 => hypothetical protein
[12:27:31] Modify product: Probable ABC transporter-binding protein DR_1571 => putative ABC transporter-binding protein
[12:27:32] Modify product: UPF0324 inner membrane protein YeiH => hypothetical protein
[12:27:32] Modify product: Uncharacterized protein HI_0074 => putative protein
[12:27:32] Modify product: Cyclic di-GMP phosphodiesterase PA4108 => Cyclic di-GMP phosphodiesterase
[12:27:32] Modify product: Probable copper-transporting ATPase PacS => putative copper-transporting ATPase PacS
[12:27:32] Modify product: UPF0060 membrane protein YnfA => hypothetical protein
[12:27:32] Modify product: Probable alcohol dehydrogenase AdhA => putative alcohol dehydrogenase AdhA
[12:27:32] Modify product: Probable lipid II flippase MurJ => putative lipid II flippase MurJ
[12:27:32] Modify product: Probable cyclic di-GMP phosphodiesterase VC_1348 => putative cyclic di-GMP phosphodiesterase
[12:27:32] Modify product: Probable cation efflux system protein Rv2025c => putative cation efflux system protein
[12:27:32] Modify product: Uncharacterized PIN and TRAM-domain containing protein YacL => putative PIN and TRAM-domain containing protein YacL
[12:27:32] Modify product: Bifunctional protein Rv2228c => Bifunctional protein
[12:27:32] Modify product: Probable multidrug resistance protein EmrK => putative multidrug resistance protein EmrK
[12:27:32] Modify product: Nucleotide-binding protein SA0720 => Nucleotide-binding protein
[12:27:32] Modify product: Probable nicotinate-nucleotide pyrophosphorylase [carboxylating] => putative nicotinate-nucleotide pyrophosphorylase [carboxylating]
[12:27:32] Modify product: UPF0182 protein MSMEG_1959/MSMEI_1915 => hypothetical protein
[12:27:32] Modify product: Uncharacterized zinc protease Rv2782c => putative zinc protease
[12:27:32] Modify product: Uncharacterized protein HI_1388.1 => putative protein.1
[12:27:32] Modify product: UPF0098 protein CT_736 => hypothetical protein
[12:27:32] Modify product: Phosphate-specific transport system accessory protein PhoU homolog => Phosphate-specific transport system accessory protein PhoU 
[12:27:32] Modify product: UPF0045 protein Rv1898 => hypothetical protein
[12:27:32] Modify product: Probable protein kinase UbiB => putative protein kinase UbiB
[12:27:32] Modify product: UPF0758 protein YsxA => hypothetical protein
[12:27:32] Modify product: Uncharacterized ABC transporter ATP-binding protein YknY => putative ABC transporter ATP-binding protein YknY
[12:27:32] Modify product: Uncharacterized protein YisK => putative protein YisK
[12:27:32] Modify product: Probable ribonucleotide transport ATP-binding protein mkl => putative ribonucleotide transport ATP-binding protein mkl
[12:27:32] Modify product: Protease HtpX homolog => Protease HtpX 
[12:27:32] Modify product: NADH dehydrogenase-like protein MT1860 => NADH dehydrogenase-like protein
[12:27:32] Modify product: Ribonuclease TTHA0252 => Ribonuclease
[12:27:32] Modify product: Probable Fe(2+)-trafficking protein => putative Fe(2+)-trafficking protein
[12:27:32] Modify product: Uncharacterized AAA domain-containing protein Rv2559c => putative AAA domain-containing protein
[12:27:32] Modify product: Uncharacterized protein HI_0933 => putative protein
[12:27:32] Modify product: Probable ribonucleotide transport ATP-binding protein mkl => putative ribonucleotide transport ATP-binding protein mkl
[12:27:32] Modify product: Probable adenylyltransferase/sulfurtransferase MoeZ => putative adenylyltransferase/sulfurtransferase MoeZ
[12:27:32] Modify product: Probable GTP-binding protein EngB => putative GTP-binding protein EngB
[12:27:32] Modify product: Probable Ni/Fe-hydrogenase B-type cytochrome subunit => putative Ni/Fe-hydrogenase B-type cytochrome subunit
[12:27:32] Modify product: UPF0194 membrane protein YbhG => hypothetical protein
[12:27:32] Modify product: Probable multidrug ABC transporter ATP-binding protein YbhF => putative multidrug ABC transporter ATP-binding protein YbhF
[12:27:32] Modify product: Probable multidrug ABC transporter permease YbhS => putative multidrug ABC transporter permease YbhS
[12:27:32] Modify product: Probable multidrug ABC transporter permease YbhR => putative multidrug ABC transporter permease YbhR
[12:27:32] Modify product: Probable peptidoglycan glycosyltransferase FtsW => putative peptidoglycan glycosyltransferase FtsW
[12:27:32] Modify product: UPF0053 protein Rv2366c => hypothetical protein
[12:27:32] Modify product: Protein aq_1857 => Protein
[12:27:32] Modify product: Uncharacterized zinc protease Rv2782c => putative zinc protease
[12:27:32] Modify product: Uncharacterized zinc protease Rv2782c => putative zinc protease
[12:27:32] Modify product: Uncharacterized metal-dependent hydrolase YcfH => putative metal-dependent hydrolase YcfH
[12:27:32] Modify product: Uncharacterized amino acid permease YhdG => putative amino acid permease YhdG
[12:27:32] Modify product: Probable murein peptide carboxypeptidase => putative murein peptide carboxypeptidase
[12:27:32] Modify product: Phage shock protein A homolog => Phage shock protein A 
[12:27:32] Modify product: Uncharacterized MFS-type transporter Rv2456c => putative MFS-type transporter
[12:27:32] Modify product: Uncharacterized ABC transporter ATP-binding protein YbiT => putative ABC transporter ATP-binding protein YbiT
[12:27:32] Modify product: Bifunctional protein Rv2228c => Bifunctional protein
[12:27:32] Modify product: Uncharacterized protein YqeY => putative protein YqeY
[12:27:32] Modify product: 1,4-alpha-glucan branching enzyme TTHA1902 => 1,4-alpha-glucan branching enzyme
[12:27:32] Modify product: Uncharacterized NTE family protein Rv1063c => putative NTE family protein
[12:27:33] Cleaned 80 /product names
[12:27:33] Deleting unwanted file: lferr/lferr.sprot.tmp.31732.faa
[12:27:33] Deleting unwanted file: lferr/lferr.sprot.tmp.31732.blast
[12:27:33] There are still 1452 unannotated CDS left (started with 2446)
[12:27:33] Will use hmmer3 to search against /home/akshai/prokka/db/hmm/HAMAP.hmm with 8 CPUs
[12:27:33] Running: cat lferr\/lferr\.HAMAP\.hmm\.tmp\.31732\.faa | parallel --gnu --plain -j 8 --block 26210 --recstart '>' --pipe hmmscan --noali --notextw --acc -E 1e-09 --cpu 1 /home/akshai/prokka/db/hmm/HAMAP.hmm /dev/stdin > lferr\/lferr\.HAMAP\.hmm\.tmp\.31732\.hmmer3 2> /dev/null
[12:27:57] Modify product: Uncharacterized MFS-type transporter YfcJ => putative MFS-type transporter YfcJ
[12:27:57] Cleaned 1 /product names
[12:27:57] Deleting unwanted file: lferr/lferr.HAMAP.hmm.tmp.31732.faa
[12:27:57] Deleting unwanted file: lferr/lferr.HAMAP.hmm.tmp.31732.hmmer3
[12:27:57] Deleting unwanted file: lferr/proteins.psq
[12:27:57] Deleting unwanted file: lferr/proteins.phr
[12:27:57] Deleting unwanted file: lferr/proteins.pin
[12:27:57] Labelling remaining 1233 proteins as 'hypothetical protein'
[12:27:57] Possible /pseudo 'IS3 family transposase ISGur6' at AP012342.1 position 81968
[12:27:57] Possible /pseudo 'IS3 family transposase ISGur6' at AP012342.1 position 82969
[12:27:57] Possible /pseudo 'Peptidoglycan-associated lipoprotein' at AP012342.1 position 194415
[12:27:57] Possible /pseudo 'IS3 family transposase ISGur6' at AP012342.1 position 466766
[12:27:57] Possible /pseudo 'Trehalose synthase/amylase TreS' at AP012342.1 position 1035486
[12:27:57] Possible /pseudo 'Lipopolysaccharide core heptosyltransferase RfaQ' at AP012342.1 position 1436171
[12:27:57] Possible /pseudo 'putative zinc protease' at AP012342.1 position 1917669
[12:27:57] Possible /pseudo 'Flagellar basal-body rod protein FlgG' at AP012342.1 position 2153017
[12:27:57] Possible /pseudo 'Thymidylate kinase' at AP012342.1 position 2179328
[12:27:57] Possible /pseudo 'Thiol-disulfide oxidoreductase ResA' at AP012342.1 position 2188831
[12:27:57] Possible /pseudo 'D-inositol-3-phosphate glycosyltransferase' at AP012342.1 position 2306994
[12:27:57] Possible /pseudo 'Thiosulfate dehydrogenase' at AP012342.1 position 2391957
[12:27:57] Possible /pseudo 'Chaperone SurA' at AP012342.1 position 2424515
[12:27:57] Possible /pseudo 'Nitrogen regulatory protein P-II' at AP012342.1 position 2501736
[12:27:57] Found 966 unique /gene codes.
[12:27:57] Fixed 2 duplicate /gene - petB_1 petB_2
[12:27:57] Fixed 2 duplicate /gene - mkl_1 mkl_2
[12:27:57] Fixed 4 duplicate /gene - pal_1 pal_2 pal_3 pal_4
[12:27:57] Fixed 2 duplicate /gene - nifD_1 nifD_2
[12:27:57] Fixed 2 duplicate /gene - pgsA_1 pgsA_2
[12:27:57] Fixed 2 duplicate /gene - leuC_1 leuC_2
[12:27:57] Fixed 2 duplicate /gene - nadC_1 nadC_2
[12:27:57] Fixed 4 duplicate /gene - iscS_1 iscS_2 iscS_3 iscS_4
[12:27:57] Fixed 3 duplicate /gene - tolC_1 tolC_2 tolC_3
[12:27:57] Fixed 4 duplicate /gene - resA_1 resA_2 resA_3 resA_4
[12:27:57] Fixed 4 duplicate /gene - ndhB_1 ndhB_2 ndhB_3 ndhB_4
[12:27:57] Fixed 3 duplicate /gene - rcsC_1 rcsC_2 rcsC_3
[12:27:57] Fixed 5 duplicate /gene - mshA_1 mshA_2 mshA_3 mshA_4 mshA_5
[12:27:57] Fixed 2 duplicate /gene - nanM_1 nanM_2
[12:27:57] Fixed 2 duplicate /gene - ssb_1 ssb_2
[12:27:57] Fixed 2 duplicate /gene - dksA_1 dksA_2
[12:27:57] Fixed 2 duplicate /gene - pcrA_1 pcrA_2
[12:27:57] Fixed 2 duplicate /gene - emrA_1 emrA_2
[12:27:57] Fixed 2 duplicate /gene - tusA_1 tusA_2
[12:27:57] Fixed 2 duplicate /gene - petC_1 petC_2
[12:27:57] Fixed 3 duplicate /gene - fdx_1 fdx_2 fdx_3
[12:27:57] Fixed 2 duplicate /gene - flgG_1 flgG_2
[12:27:57] Fixed 2 duplicate /gene - sctC_1 sctC_2
[12:27:57] Fixed 2 duplicate /gene - dnaK_1 dnaK_2
[12:27:57] Fixed 2 duplicate /gene - padG_1 padG_2
[12:27:57] Fixed 9 duplicate /gene - sasA_1 sasA_2 sasA_3 sasA_4 sasA_5 sasA_6 sasA_7 sasA_8 sasA_9
[12:27:57] Fixed 2 duplicate /gene - nsrR_1 nsrR_2
[12:27:57] Fixed 3 duplicate /gene - glnB_1 glnB_2 glnB_3
[12:27:57] Fixed 5 duplicate /gene - cpoB_1 cpoB_2 cpoB_3 cpoB_4 cpoB_5
[12:27:57] Fixed 2 duplicate /gene - mscL_1 mscL_2
[12:27:57] Fixed 2 duplicate /gene - rcp1_1 rcp1_2
[12:27:57] Fixed 2 duplicate /gene - lpxA_1 lpxA_2
[12:27:57] Fixed 2 duplicate /gene - rfbG_1 rfbG_2
[12:27:57] Fixed 2 duplicate /gene - dnaJ_1 dnaJ_2
[12:27:57] Fixed 2 duplicate /gene - trmR_1 trmR_2
[12:27:57] Fixed 6 duplicate /gene - mdtA_1 mdtA_2 mdtA_3 mdtA_4 mdtA_5 mdtA_6
[12:27:57] Fixed 2 duplicate /gene - rfaQ_1 rfaQ_2
[12:27:57] Fixed 2 duplicate /gene - mdtB_1 mdtB_2
[12:27:57] Fixed 2 duplicate /gene - lexA_1 lexA_2
[12:27:57] Fixed 5 duplicate /gene - norR_1 norR_2 norR_3 norR_4 norR_5
[12:27:57] Fixed 2 duplicate /gene - hldE_1 hldE_2
[12:27:57] Fixed 3 duplicate /gene - nth_1 nth_2 nth_3
[12:27:57] Fixed 2 duplicate /gene - sucC_1 sucC_2
[12:27:57] Fixed 2 duplicate /gene - sucD_1 sucD_2
[12:27:57] Fixed 2 duplicate /gene - rfbD_1 rfbD_2
[12:27:57] Fixed 2 duplicate /gene - rmlC_1 rmlC_2
[12:27:57] Fixed 2 duplicate /gene - tolQ_1 tolQ_2
[12:27:57] Fixed 2 duplicate /gene - merA_1 merA_2
[12:27:57] Fixed 2 duplicate /gene - lapB_1 lapB_2
[12:27:57] Fixed 2 duplicate /gene - gloB_1 gloB_2
[12:27:57] Fixed 3 duplicate /gene - COQ5_1 COQ5_2 COQ5_3
[12:27:57] Fixed 2 duplicate /gene - nifK_1 nifK_2
[12:27:57] Fixed 2 duplicate /gene - rnc_1 rnc_2
[12:27:57] Fixed 2 duplicate /gene - dinG_1 dinG_2
[12:27:57] Fixed 2 duplicate /gene - iolS_1 iolS_2
[12:27:57] Fixed 2 duplicate /gene - tolB_1 tolB_2
[12:27:57] Fixed 2 duplicate /gene - trxA_1 trxA_2
[12:27:57] Fixed 2 duplicate /gene - mlaE_1 mlaE_2
[12:27:57] Fixed 6 duplicate /gene - atoC_1 atoC_2 atoC_3 atoC_4 atoC_5 atoC_6
[12:27:57] Fixed 2 duplicate /gene - cysG_1 cysG_2
[12:27:57] Fixed 2 duplicate /gene - gltC_1 gltC_2
[12:27:57] Fixed 2 duplicate /gene - ilvD_1 ilvD_2
[12:27:57] Fixed 2 duplicate /gene - miaB_1 miaB_2
[12:27:57] Fixed 3 duplicate /gene - xerC_1 xerC_2 xerC_3
[12:27:57] Fixed 2 duplicate /gene - hisC_1 hisC_2
[12:27:57] Fixed 2 duplicate /gene - def_1 def_2
[12:27:57] Fixed 2 duplicate /gene - icd_1 icd_2
[12:27:57] Fixed 2 duplicate /gene - treS_1 treS_2
[12:27:57] Fixed 2 duplicate /gene - cheB_1 cheB_2
[12:27:57] Fixed 5 duplicate /gene - czcA_1 czcA_2 czcA_3 czcA_4 czcA_5
[12:27:57] Fixed 2 duplicate /gene - ccsA_1 ccsA_2
[12:27:57] Fixed 2 duplicate /gene - ruvB_1 ruvB_2
[12:27:57] Fixed 2 duplicate /gene - fliM_1 fliM_2
[12:27:57] Fixed 2 duplicate /gene - hcf136_1 hcf136_2
[12:27:57] Fixed 2 duplicate /gene - argD_1 argD_2
[12:27:57] Fixed 2 duplicate /gene - farB_1 farB_2
[12:27:57] Fixed 6 duplicate /gene - bepA_1 bepA_2 bepA_3 bepA_4 bepA_5 bepA_6
[12:27:57] Fixed 2 duplicate /gene - surA_1 surA_2
[12:27:57] Fixed 2 duplicate /gene - norW_1 norW_2
[12:27:57] Fixed 2 duplicate /gene - hag_1 hag_2
[12:27:57] Fixed 3 duplicate /gene - rny_1 rny_2 rny_3
[12:27:57] Fixed 2 duplicate /gene - thrC_1 thrC_2
[12:27:57] Fixed 2 duplicate /gene - tsdA_1 tsdA_2
[12:27:57] Fixed 2 duplicate /gene - czcB_1 czcB_2
[12:27:57] Fixed 3 duplicate /gene - tmk_1 tmk_2 tmk_3
[12:27:57] Fixed 2 duplicate /gene - dop_1 dop_2
[12:27:57] Fixed 2 duplicate /gene - btuD_1 btuD_2
[12:27:57] Fixed 2 duplicate /gene - adhC2_1 adhC2_2
[12:27:57] Fixed 3 duplicate /gene - pstS1_1 pstS1_2 pstS1_3
[12:27:57] Fixed 2 duplicate /gene - gph_1 gph_2
[12:27:57] Fixed 2 duplicate /gene - thiE_1 thiE_2
[12:27:57] Fixed 2 duplicate /gene - Hgd_1 Hgd_2
[12:27:57] Fixed 2 duplicate /gene - tufA_1 tufA_2
[12:27:57] Fixed 93 colliding /gene names.
[12:27:57] Adding /locus_tag identifiers
[12:27:57] Assigned 2510 locus_tags to CDS and RNA features.
[12:27:57] Writing outputs to lferr/
[12:28:01] Generating annotation statistics file
[12:28:01] Generating Genbank and Sequin files
[12:28:01] Running: tbl2asn -V b -a r10k -l paired-ends -M n -N 1 -y 'Annotated using prokka 1.14.6 from https://github.com/tseemann/prokka' -Z lferr\/lferr\.err -i lferr\/lferr\.fsa 2> /dev/null
[12:28:07] Deleting unwanted file: lferr/errorsummary.val
[12:28:07] Deleting unwanted file: lferr/lferr.dr
[12:28:07] Deleting unwanted file: lferr/lferr.fixedproducts
[12:28:07] Deleting unwanted file: lferr/lferr.ecn
[12:28:07] Deleting unwanted file: lferr/lferr.val
[12:28:07] Repairing broken .GBK output that tbl2asn produces...
[12:28:07] Running: sed 's/COORDINATES: profile/COORDINATES:profile/' < lferr\/lferr\.gbf > lferr\/lferr\.gbk
[12:28:07] Deleting unwanted file: lferr/lferr.gbf
[12:28:07] Output files:
[12:28:07] lferr/lferr.err
[12:28:07] lferr/lferr.faa
[12:28:07] lferr/lferr.ffn
[12:28:07] lferr/lferr.fna
[12:28:07] lferr/lferr.fsa
[12:28:07] lferr/lferr.gbk
[12:28:07] lferr/lferr.gff
[12:28:07] lferr/lferr.log
[12:28:07] lferr/lferr.sqn
[12:28:07] lferr/lferr.tbl
[12:28:07] lferr/lferr.tsv
[12:28:07] lferr/lferr.txt
[12:28:07] Annotation finished successfully.
[12:28:07] Walltime used: 3.50 minutes
[12:28:07] If you use this result please cite the Prokka paper:
[12:28:07] Seemann T (2014) Prokka: rapid prokaryotic genome annotation. Bioinformatics. 30(14):2068-9.
[12:28:07] Type 'prokka --citation' for more details.
[12:28:07] Thank you, come again.
